2014-05-15 09:54:04.341264: init app
2014-05-15 09:54:13.153885: init app
2014-05-15 09:55:07.366901: init app
2014-05-15 09:55:32.008727: init app
2014-05-15 10:04:04.476040: init app
2014-05-15 10:05:20.992100: init app
2014-05-15 10:08:14.786108: init app
2014-05-15 10:08:59.275094: init app
2014-05-15 10:10:17.167916: init app
2014-05-15 10:10:54.275096: init app
2014-05-15 10:32:32.583865: init app
2014-05-15 10:32:48.371778: init app
2014-05-15 10:32:57.487339: Save
2014-05-15 10:34:21.932281: Save
2014-05-15 10:44:23.320587: init app
2014-05-15 10:44:27.425624: Save
2014-05-15 10:46:08.896589: init app
2014-05-15 10:46:13.066293: Save
2014-05-15 10:46:16.490863: Save
2014-05-15 10:46:21.826376: Save
2014-05-15 10:48:42.918488: retrive bbox
2014-05-15 11:09:36.187324: init app
2014-05-15 11:09:40.838350: Save
2014-05-15 12:41:56.419755: init app
2014-05-15 12:42:05.333818: Save
2014-05-15 12:48:23.634215: init app
2014-05-15 12:48:28.837411: Save
2014-05-15 12:48:33.461414: Save
2014-05-15 12:49:39.299085: Save
2014-05-15 12:53:41.922153: init app
2014-05-15 12:53:49.414623: Save
2014-05-15 12:53:53.490639: Save
2014-05-15 12:56:46.977655: init app
2014-05-15 12:56:50.593159: Save
2014-05-15 12:57:14.236362: init app
2014-05-15 12:57:17.735357: Save
2014-05-15 12:58:06.848165: init app
2014-05-15 12:58:10.621109: Save
2014-05-15 12:58:55.723243: init app
2014-05-15 12:58:59.621309: Save
2014-05-15 12:59:04.399110: None, None (28º 07' 48.0180'' N, 15º 25' 31.1333'' O)
2014-05-15 12:59:13.668874: None, None (27º 32' 42.2859'' N, 14º 37' 24.2409'' O)
2014-05-15 12:59:25.180734: 27.54507942, -14.62340024 (27.54507942, -14.62340024)
2014-05-15 13:00:25.770112: 27.54507942, -14.62340024 (27.54507942, -14.62340024)
2014-05-15 13:03:16.399416: init app
2014-05-15 13:03:24.587932: Save
2014-05-15 13:03:30.644549: None, None (28º 06' 31.5624'' N, 15º 24' 47.6426'' O)
2014-05-15 13:05:35.784373: init app
2014-05-15 13:05:39.741437: Save
2014-05-15 13:05:55.862991: None, None (28º 07' 9.7248'' N, 15º 25' 30.9822'' O)
2014-05-15 13:08:42.318773: init app
2014-05-15 13:08:46.445393: Save
2014-05-15 13:08:51.479926: None, None (<type 'unicode'>)
2014-05-15 13:12:57.730939: init app
2014-05-15 13:13:01.566142: Save
2014-05-15 13:13:05.189855: None, None (<type 'unicode'>)
2014-05-15 13:16:04.715563: init app
2014-05-15 13:16:08.931539: Save
2014-05-15 13:16:13.662417: 28.1247231944, -15.4132955833 (<type 'str'>)
2014-05-15 13:19:37.275010: init app
2014-05-15 13:19:41.284375: Save
2014-05-15 13:19:45.517691: 28.1300234722, -15.4193153889 (<type 'str'>)
2014-05-15 13:20:10.336230: init app
2014-05-15 13:20:14.227201: Save
2014-05-15 13:20:19.020553: 28.1247231944, -15.4132955833 (<type 'str'>)
2014-05-15 13:21:20.865726: init app
2014-05-15 13:21:25.006633: Save
2014-05-15 13:21:29.801765: 28.1353601944, -15.4133363889 (<type 'str'>)
2014-05-15 13:22:59.559583: init app
2014-05-15 13:23:03.661860: Save
2014-05-15 13:23:07.573904: 28.1401193889, -15.5693550833 (<type 'str'>)
2014-05-15 13:24:14.218373: init app
2014-05-15 13:24:18.188244: Save
2014-05-15 13:24:22.282881: 28.119368, -15.4252728333 (<type 'str'>)
2014-05-15 13:28:11.757043: init app
2014-05-15 13:28:15.675021: Save
2014-05-15 13:28:18.737489: 28.0658061944, -15.5329878056 (<type 'str'>)
2014-05-15 13:34:38.283548: init app
2014-05-15 13:34:42.016955: Save
2014-05-15 13:34:45.737962: 28.1295561944, -15.5513010833 (<type 'str'>)
2014-05-15 13:35:00.439760: 28.2999572778, -16.3032548056 (<type 'str'>)
2014-05-15 13:35:46.961347: Save
2014-05-15 13:56:21.391570: init app
2014-05-15 13:58:27.238961: init app
